{"content": {"suites": {"0": {"status": {"total_pass": 0, "total_skip": 0, "total_xpass": 0, "total_xfail": 0, "total_rerun": 0, "total_fail": 0, "total_error": 1}, "tests": {"0": {"status": "ERROR", "message": "file /home/pzharyuk/Documents/pytest/test_ospf1.py, line 26\n  def test_nornir(nr):\nE       fixture 'nr' not found\n>       available fixtures: cache, capfd, capfdbinary, caplog, capsys, capsysbinary, check, doctest_namespace, extra, include_metadata_in_junit_xml, metadata, monkeypatch, pytestconfig, pytestnr, record_property, record_testsuite_property, record_xml_attribute, recwarn, tmp_path, tmp_path_factory, tmpdir, tmpdir_factory\n>       use 'pytest --fixtures [testpath]' for help on them.\n\n/home/pzharyuk/Documents/pytest/test_ospf1.py:26\n", "test_name": "test_nornir", "rerun": "0"}}, "suite_name": "test_ospf1.py"}, "1": {"suite_name": "test_ospf2.py", "tests": {"0": {"status": "PASS", "message": "", "test_name": "test_ospf_neighbor_count[RT1]", "rerun": "0"}, "1": {"status": "PASS", "message": "", "test_name": "test_ospf_neighbor_count[RT2]", "rerun": "0"}, "2": {"status": "PASS", "message": "", "test_name": "test_ospf_neighbor_count[RT3]", "rerun": "0"}, "3": {"status": "PASS", "message": "", "test_name": "test_ospf_neighbor_count[RT4]", "rerun": "0"}}, "status": {"total_pass": 4, "total_skip": 0, "total_xpass": 0, "total_xfail": 0, "total_rerun": 0, "total_fail": 0, "total_error": 0}}, "2": {"suite_name": "test_random1.py", "tests": {"0": {"status": "FAIL", "message": "   assert 3 == 4\n", "test_name": "test_num", "rerun": "0"}}, "status": {"total_pass": 0, "total_skip": 0, "total_xpass": 0, "total_xfail": 0, "total_rerun": 0, "total_fail": 1, "total_error": 0}}, "3": {"suite_name": "test_random2.py", "tests": {"0": {"status": "PASS", "message": "", "test_name": "test_num", "rerun": "0"}}, "status": {"total_pass": 1, "total_skip": 0, "total_xpass": 0, "total_xfail": 0, "total_rerun": 0, "total_fail": 0, "total_error": 0}}, "4": {"suite_name": "test_vlan.py", "tests": {"0": {"status": "ERROR", "message": "file /home/pzharyuk/Documents/pytest/test_vlan.py, line 29\n  def test_nornir(nr):\nE       fixture 'nr' not found\n>       available fixtures: cache, capfd, capfdbinary, caplog, capsys, capsysbinary, check, doctest_namespace, extra, include_metadata_in_junit_xml, metadata, monkeypatch, pytestconfig, pytestnr, record_property, record_testsuite_property, record_xml_attribute, recwarn, tmp_path, tmp_path_factory, tmpdir, tmpdir_factory\n>       use 'pytest --fixtures [testpath]' for help on them.\n\n/home/pzharyuk/Documents/pytest/test_vlan.py:29\n", "test_name": "test_nornir", "rerun": "0"}}, "status": {"total_pass": 0, "total_skip": 0, "total_xpass": 0, "total_xfail": 0, "total_rerun": 0, "total_fail": 0, "total_error": 1}}, "5": {"suite_name": "test_vlan2.py", "tests": {"0": {"status": "FAIL", "message": "       KeyError: 'vlan_data'\n", "test_name": "test_vlans_for_consistency[SW1]", "rerun": "0"}, "1": {"status": "PASS", "message": "", "test_name": "test_vlans_for_consistency[SW2]", "rerun": "0"}, "2": {"status": "FAIL", "message": "   AssertionError: SW3 FAILED\n   assert [{'id': 10, '...e': 'VLAN50'}] == [{'id': 20, '...e': 'VLAN50'}]\n     At index 0 diff: {'id': 10, 'name': 'VLAN10'} != {'id': 20, 'name': 'VLAN20'}\n     Left contains one more item: {'id': 50, 'name': 'VLAN50'}\n     Use -v to get the full diff\n", "test_name": "test_vlans_for_consistency[SW3]", "rerun": "0"}}, "status": {"total_pass": 1, "total_skip": 0, "total_xpass": 0, "total_xfail": 0, "total_rerun": 0, "total_fail": 2, "total_error": 0}}}}, "date": "March 17, 2021", "start_time": 1616027967, "total_suite": 6, "status": "FAIL", "status_list": {"pass": "6", "fail": "3", "skip": "0", "error": "2", "xpass": "0", "xfail": "0", "rerun": "0"}, "total_tests": "11"}